INFO:root:episode:10 e_greed:0.19792999999999794 Cost: 49.22337278106508 Reward:-166.66666666666657 Action:[-1, -1, [0, 5], [0, 1], [1, 0], [1, 2], [0, 3], [2, 4]]
INFO:root:episode:20 e_greed:0.19786999999999788 Cost: 54.88165680473372 Reward:-223.249506903353 Action:[-1, -1, [0, 5], [3, 1], [0, 0], [2, 4], [2, 3], [4, 2]]
INFO:root:episode:30 e_greed:0.19780999999999782 Cost: 53.205128205128204 Reward:-206.4842209072978 Action:[-1, -1, [3, 1], [0, 5], [0, 0], [2, 4], [2, 3], [0, 2]]
INFO:root:episode:40 e_greed:0.19774999999999776 Cost: 53.205128205128204 Reward:-206.4842209072978 Action:[-1, -1, [3, 1], [0, 5], [0, 0], [2, 4], [2, 3], [0, 2]]
INFO:root:episode:50 e_greed:0.1976899999999977 Cost: 62.278106508875744 Reward:-297.2140039447732 Action:[-1, -1, [3, 1], [0, 5], [2, 4], [0, 0], [2, 3], [2, 2]]
INFO:root:episode:60 e_greed:0.19762999999999764 Cost: 59.13461538461539 Reward:-265.77909270216963 Action:[-1, -1, [4, 1], [2, 4], [0, 0], [2, 2], [2, 3], [3, 5]]
INFO:root:episode:70 e_greed:0.19756999999999758 Cost: 55.066568047337284 Reward:-225.0986193293886 Action:[-1, -1, [4, 1], [0, 2], [2, 4], [0, 0], [2, 3], [3, 5]]
INFO:root:episode:80 e_greed:0.19750999999999752 Cost: 46.36341222879684 Reward:-138.06706114398418 Action:[-1, -1, [4, 1], [0, 2], [3, 4], [0, 0], [2, 5], [2, 3]]
INFO:root:episode:90 e_greed:0.19744999999999746 Cost: 49.22337278106508 Reward:-166.66666666666657 Action:[-1, -1, [2, 1], [0, 2], [3, 4], [2, 5], [0, 0], [2, 3]]
INFO:root:episode:100 e_greed:0.1973899999999974 Cost: 42.56656804733727 Reward:-100.09861932938847 Action:[-1, -1, [2, 1], [0, 2], [3, 4], [3, 5], [1, 0], [2, 3]]
INFO:root:episode:110 e_greed:0.19732999999999734 Cost: 46.73323471400394 Reward:-141.76528599605518 Action:[-1, -1, [2, 1], [1, 0], [3, 4], [0, 2], [3, 5], [0, 3]]
INFO:root:episode:120 e_greed:0.19726999999999728 Cost: 45.89497041420118 Reward:-133.3826429980276 Action:[-1, -1, [2, 1], [1, 0], [3, 4], [2, 5], [2, 2], [0, 3]]
INFO:root:episode:130 e_greed:0.19720999999999722 Cost: 46.36341222879684 Reward:-138.06706114398418 Action:[-1, -1, [1, 0], [2, 1], [0, 5], [1, 2], [0, 3], [3, 4]]
INFO:root:episode:140 e_greed:0.19714999999999716 Cost: 45.05670611439842 Reward:-125.0 Action:[-1, -1, [1, 0], [2, 1], [1, 2], [0, 5], [0, 3], [0, 4]]
INFO:root:episode:150 e_greed:0.1970899999999971 Cost: 45.05670611439842 Reward:-125.0 Action:[-1, -1, [1, 0], [2, 1], [1, 2], [0, 4], [0, 5], [0, 3]]
INFO:root:episode:160 e_greed:0.19702999999999704 Cost: 45.05670611439842 Reward:-125.0 Action:[-1, -1, [1, 0], [1, 2], [4, 1], [0, 4], [0, 5], [0, 3]]
INFO:root:episode:170 e_greed:0.19696999999999698 Cost: 45.05670611439842 Reward:-125.0 Action:[-1, -1, [1, 0], [0, 4], [1, 2], [4, 1], [0, 5], [0, 3]]
INFO:root:episode:180 e_greed:0.19690999999999692 Cost: 45.89497041420118 Reward:-133.3826429980276 Action:[-1, -1, [1, 0], [0, 4], [1, 2], [4, 1], [0, 5], [4, 3]]
INFO:root:episode:190 e_greed:0.19684999999999686 Cost: 45.89497041420118 Reward:-133.3826429980276 Action:[-1, -1, [1, 0], [0, 4], [4, 3], [0, 5], [1, 2], [4, 1]]
INFO:root:episode:200 e_greed:0.1967899999999968 Cost: 45.89497041420118 Reward:-133.3826429980276 Action:[-1, -1, [1, 0], [0, 4], [4, 3], [0, 5], [1, 2], [4, 1]]
INFO:root:episode:210 e_greed:0.19672999999999674 Cost: 36.72337278106509 Reward:-41.66666666666664 Action:[-1, -1, [1, 0], [0, 4], [4, 3], [1, 2], [0, 5], [1, 1]]
INFO:root:episode:220 e_greed:0.19666999999999668 Cost: 36.72337278106509 Reward:-41.66666666666664 Action:[-1, -1, [0, 4], [1, 0], [4, 3], [1, 2], [0, 5], [1, 1]]
INFO:root:episode:230 e_greed:0.19660999999999662 Cost: 41.72830374753452 Reward:-91.71597633136095 Action:[-1, -1, [4, 3], [1, 0], [3, 4], [0, 5], [1, 2], [1, 1]]
INFO:root:episode:240 e_greed:0.19654999999999656 Cost: 41.72830374753452 Reward:-91.71597633136095 Action:[-1, -1, [4, 3], [1, 0], [3, 4], [1, 2], [0, 5], [1, 1]]
INFO:root:episode:250 e_greed:0.1964899999999965 Cost: 33.86341222879684 Reward:-13.067061143984162 Action:[-1, -1, [4, 3], [1, 0], [3, 4], [0, 2], [0, 5], [1, 1]]
INFO:root:episode:260 e_greed:0.19642999999999644 Cost: 33.86341222879684 Reward:-13.067061143984162 Action:[-1, -1, [1, 0], [4, 3], [3, 4], [1, 1], [0, 2], [0, 5]]
INFO:root:episode:270 e_greed:0.19636999999999638 Cost: 33.86341222879684 Reward:-13.067061143984162 Action:[-1, -1, [4, 3], [1, 0], [3, 4], [1, 1], [0, 2], [0, 5]]
INFO:root:episode:280 e_greed:0.19630999999999632 Cost: 33.86341222879684 Reward:-13.067061143984162 Action:[-1, -1, [4, 3], [1, 0], [3, 4], [1, 1], [0, 2], [3, 5]]
INFO:root:episode:290 e_greed:0.19624999999999626 Cost: 33.86341222879684 Reward:-13.067061143984162 Action:[-1, -1, [4, 3], [1, 0], [3, 4], [1, 1], [0, 2], [3, 5]]
INFO:root:episode:300 e_greed:0.1961899999999962 Cost: 36.72337278106509 Reward:-41.66666666666664 Action:[-1, -1, [4, 3], [1, 0], [1, 1], [3, 4], [1, 2], [3, 5]]
INFO:root:episode:310 e_greed:0.19612999999999614 Cost: 41.72830374753452 Reward:-91.71597633136095 Action:[-1, -1, [4, 3], [1, 0], [3, 4], [1, 1], [1, 2], [0, 5]]
INFO:root:episode:320 e_greed:0.19606999999999608 Cost: 41.72830374753452 Reward:-91.71597633136095 Action:[-1, -1, [4, 3], [1, 0], [3, 4], [1, 1], [1, 2], [0, 5]]
INFO:root:episode:330 e_greed:0.19600999999999602 Cost: 33.86341222879684 Reward:-13.067061143984162 Action:[-1, -1, [4, 3], [1, 0], [1, 1], [3, 4], [0, 2], [0, 5]]
INFO:root:episode:340 e_greed:0.19594999999999596 Cost: 36.72337278106509 Reward:-41.66666666666664 Action:[-1, -1, [4, 3], [1, 0], [1, 1], [3, 4], [1, 2], [4, 5]]
INFO:root:episode:350 e_greed:0.1958899999999959 Cost: 33.86341222879684 Reward:-13.067061143984162 Action:[-1, -1, [4, 3], [1, 0], [1, 1], [3, 4], [0, 2], [4, 5]]
INFO:root:episode:360 e_greed:0.19582999999999584 Cost: 33.86341222879684 Reward:-13.067061143984162 Action:[-1, -1, [4, 3], [1, 0], [1, 1], [3, 4], [0, 2], [4, 5]]
INFO:root:episode:370 e_greed:0.19576999999999578 Cost: 33.86341222879684 Reward:-13.067061143984162 Action:[-1, -1, [4, 3], [1, 0], [1, 1], [3, 4], [0, 2], [4, 5]]
INFO:root:episode:380 e_greed:0.19570999999999572 Cost: 33.86341222879684 Reward:-13.067061143984162 Action:[-1, -1, [4, 3], [1, 0], [3, 4], [1, 1], [0, 2], [4, 5]]
INFO:root:episode:390 e_greed:0.19564999999999566 Cost: 33.86341222879684 Reward:-13.067061143984162 Action:[-1, -1, [4, 3], [1, 0], [3, 4], [1, 1], [0, 2], [3, 5]]
INFO:root:episode:400 e_greed:0.1955899999999956 Cost: 33.86341222879684 Reward:-13.067061143984162 Action:[-1, -1, [4, 3], [1, 0], [3, 4], [1, 1], [0, 2], [3, 5]]
INFO:root:episode:410 e_greed:0.19552999999999554 Cost: 33.86341222879684 Reward:-13.067061143984162 Action:[-1, -1, [4, 3], [1, 0], [3, 4], [1, 1], [0, 2], [4, 5]]
INFO:root:episode:420 e_greed:0.19546999999999548 Cost: 33.86341222879684 Reward:-13.067061143984162 Action:[-1, -1, [4, 3], [1, 0], [3, 4], [1, 1], [0, 2], [4, 5]]
INFO:root:episode:430 e_greed:0.19540999999999542 Cost: 33.86341222879684 Reward:-13.067061143984162 Action:[-1, -1, [4, 3], [1, 0], [0, 2], [3, 4], [4, 5], [1, 1]]
INFO:root:episode:440 e_greed:0.19534999999999536 Cost: 33.86341222879684 Reward:-13.067061143984162 Action:[-1, -1, [4, 3], [1, 0], [0, 2], [4, 5], [3, 4], [1, 1]]
INFO:root:episode:450 e_greed:0.1952899999999953 Cost: 33.86341222879684 Reward:-13.067061143984162 Action:[-1, -1, [4, 3], [1, 0], [4, 5], [0, 2], [3, 4], [1, 1]]
INFO:root:episode:460 e_greed:0.19522999999999524 Cost: 33.86341222879684 Reward:-13.067061143984162 Action:[-1, -1, [4, 3], [4, 5], [1, 0], [0, 2], [3, 4], [1, 1]]
INFO:root:episode:470 e_greed:0.19516999999999518 Cost: 33.86341222879684 Reward:-13.067061143984162 Action:[-1, -1, [4, 3], [4, 5], [1, 0], [0, 2], [3, 4], [1, 1]]
INFO:root:episode:480 e_greed:0.19510999999999512 Cost: 33.86341222879684 Reward:-13.067061143984162 Action:[-1, -1, [4, 3], [4, 5], [1, 0], [0, 2], [3, 4], [1, 1]]
INFO:root:episode:490 e_greed:0.19504999999999506 Cost: 33.86341222879684 Reward:-13.067061143984162 Action:[-1, -1, [4, 3], [4, 5], [0, 2], [1, 0], [3, 4], [1, 1]]
INFO:root:episode:500 e_greed:0.194989999999995 Cost: 33.86341222879684 Reward:-13.067061143984162 Action:[-1, -1, [4, 3], [4, 5], [1, 0], [0, 2], [1, 1], [3, 4]]
INFO:root:episode:510 e_greed:0.19492999999999494 Cost: 32.55670611439842 Reward:0.0 Action:[-1, -1, [4, 3], [4, 5], [1, 0], [0, 2], [1, 1], [4, 4]]
INFO:root:episode:520 e_greed:0.19486999999999488 Cost: 32.55670611439842 Reward:0.0 Action:[-1, -1, [4, 3], [4, 5], [1, 0], [0, 2], [4, 4], [1, 1]]
INFO:root:episode:530 e_greed:0.19480999999999482 Cost: 32.55670611439842 Reward:0.0 Action:[-1, -1, [4, 3], [4, 5], [1, 0], [0, 2], [4, 4], [1, 1]]
INFO:root:episode:540 e_greed:0.19474999999999476 Cost: 33.86341222879684 Reward:-13.067061143984162 Action:[-1, -1, [4, 3], [4, 5], [1, 0], [0, 2], [3, 4], [1, 1]]
INFO:root:episode:550 e_greed:0.1946899999999947 Cost: 33.86341222879684 Reward:-13.067061143984162 Action:[-1, -1, [4, 3], [4, 5], [1, 0], [0, 2], [3, 4], [1, 1]]
INFO:root:episode:560 e_greed:0.19462999999999464 Cost: 33.86341222879684 Reward:-13.067061143984162 Action:[-1, -1, [4, 3], [4, 5], [1, 0], [0, 2], [3, 4], [1, 1]]
INFO:root:episode:570 e_greed:0.19456999999999458 Cost: 33.86341222879684 Reward:-13.067061143984162 Action:[-1, -1, [4, 3], [4, 5], [1, 0], [0, 2], [3, 4], [1, 1]]
INFO:root:episode:580 e_greed:0.19450999999999452 Cost: 32.55670611439842 Reward:0.0 Action:[-1, -1, [4, 3], [4, 5], [1, 0], [0, 2], [4, 4], [1, 1]]
INFO:root:episode:590 e_greed:0.19444999999999446 Cost: 32.55670611439842 Reward:0.0 Action:[-1, -1, [4, 3], [4, 5], [1, 0], [0, 2], [4, 4], [1, 1]]
INFO:root:episode:600 e_greed:0.1943899999999944 Cost: 32.55670611439842 Reward:0.0 Action:[-1, -1, [4, 3], [4, 5], [1, 0], [0, 2], [4, 4], [1, 1]]
INFO:root:episode:610 e_greed:0.19432999999999434 Cost: 32.55670611439842 Reward:0.0 Action:[-1, -1, [4, 5], [4, 3], [1, 0], [4, 4], [0, 2], [1, 1]]
INFO:root:episode:620 e_greed:0.19426999999999428 Cost: 32.55670611439842 Reward:0.0 Action:[-1, -1, [4, 5], [4, 3], [1, 0], [4, 4], [0, 2], [1, 1]]
INFO:root:episode:630 e_greed:0.19420999999999422 Cost: 32.55670611439842 Reward:0.0 Action:[-1, -1, [4, 5], [4, 3], [4, 4], [1, 0], [0, 2], [1, 1]]
INFO:root:episode:640 e_greed:0.19414999999999416 Cost: 32.55670611439842 Reward:0.0 Action:[-1, -1, [4, 5], [4, 3], [4, 4], [1, 0], [0, 2], [1, 1]]
INFO:root:episode:650 e_greed:0.1940899999999941 Cost: 32.55670611439842 Reward:0.0 Action:[-1, -1, [4, 3], [4, 5], [4, 4], [1, 0], [0, 2], [1, 1]]
INFO:root:episode:660 e_greed:0.19402999999999404 Cost: 32.55670611439842 Reward:0.0 Action:[-1, -1, [4, 3], [4, 5], [4, 4], [1, 0], [0, 2], [1, 1]]
INFO:root:episode:670 e_greed:0.19396999999999398 Cost: 32.55670611439842 Reward:0.0 Action:[-1, -1, [4, 3], [4, 5], [1, 0], [4, 4], [0, 2], [1, 1]]
INFO:root:episode:680 e_greed:0.19390999999999392 Cost: 32.55670611439842 Reward:0.0 Action:[-1, -1, [4, 3], [4, 5], [4, 4], [1, 0], [0, 2], [1, 1]]
INFO:root:episode:690 e_greed:0.19384999999999386 Cost: 32.55670611439842 Reward:0.0 Action:[-1, -1, [4, 3], [4, 5], [1, 0], [4, 4], [0, 2], [1, 1]]
INFO:root:episode:700 e_greed:0.1937899999999938 Cost: 32.55670611439842 Reward:0.0 Action:[-1, -1, [4, 3], [4, 5], [1, 0], [4, 4], [1, 1], [0, 2]]
INFO:root:episode:710 e_greed:0.19372999999999374 Cost: 32.55670611439842 Reward:0.0 Action:[-1, -1, [4, 3], [4, 5], [1, 0], [4, 4], [1, 1], [0, 2]]
INFO:root:episode:720 e_greed:0.19366999999999368 Cost: 32.55670611439842 Reward:0.0 Action:[-1, -1, [4, 5], [4, 3], [4, 4], [1, 0], [1, 1], [0, 2]]
INFO:root:episode:730 e_greed:0.19360999999999362 Cost: 32.55670611439842 Reward:0.0 Action:[-1, -1, [4, 5], [4, 3], [4, 4], [1, 0], [1, 1], [0, 2]]
INFO:root:episode:740 e_greed:0.19354999999999356 Cost: 32.55670611439842 Reward:0.0 Action:[-1, -1, [4, 5], [4, 3], [4, 4], [1, 0], [1, 1], [0, 2]]
INFO:root:episode:750 e_greed:0.1934899999999935 Cost: 32.55670611439842 Reward:0.0 Action:[-1, -1, [4, 5], [4, 3], [4, 4], [1, 0], [1, 1], [0, 2]]
INFO:root:episode:760 e_greed:0.19342999999999344 Cost: 32.55670611439842 Reward:0.0 Action:[-1, -1, [4, 5], [4, 3], [4, 4], [1, 0], [1, 1], [0, 2]]
INFO:root:episode:770 e_greed:0.19336999999999338 Cost: 32.55670611439842 Reward:0.0 Action:[-1, -1, [4, 5], [4, 3], [4, 4], [1, 0], [1, 1], [0, 2]]
INFO:root:episode:780 e_greed:0.19330999999999332 Cost: 32.55670611439842 Reward:0.0 Action:[-1, -1, [4, 5], [4, 3], [4, 4], [1, 0], [1, 1], [0, 2]]
INFO:root:episode:790 e_greed:0.19324999999999326 Cost: 32.55670611439842 Reward:0.0 Action:[-1, -1, [4, 5], [4, 3], [4, 4], [1, 0], [1, 1], [0, 2]]
INFO:root:episode:800 e_greed:0.1931899999999932 Cost: 32.55670611439842 Reward:0.0 Action:[-1, -1, [4, 5], [4, 3], [1, 0], [4, 4], [1, 1], [0, 2]]
INFO:root:episode:810 e_greed:0.19312999999999314 Cost: 32.55670611439842 Reward:0.0 Action:[-1, -1, [4, 5], [4, 3], [1, 0], [4, 4], [1, 1], [0, 2]]
INFO:root:episode:820 e_greed:0.19306999999999308 Cost: 32.55670611439842 Reward:0.0 Action:[-1, -1, [4, 5], [4, 3], [1, 0], [4, 4], [1, 1], [0, 2]]
INFO:root:episode:830 e_greed:0.19300999999999302 Cost: 32.55670611439842 Reward:0.0 Action:[-1, -1, [4, 5], [4, 3], [1, 0], [4, 4], [1, 1], [0, 2]]
INFO:root:episode:840 e_greed:0.19294999999999296 Cost: 32.55670611439842 Reward:0.0 Action:[-1, -1, [4, 5], [4, 3], [1, 0], [4, 4], [1, 1], [0, 2]]
INFO:root:episode:850 e_greed:0.1928899999999929 Cost: 32.55670611439842 Reward:0.0 Action:[-1, -1, [4, 5], [4, 3], [4, 4], [1, 0], [1, 1], [0, 2]]
INFO:root:episode:860 e_greed:0.19282999999999284 Cost: 32.55670611439842 Reward:0.0 Action:[-1, -1, [4, 5], [4, 3], [1, 0], [4, 4], [1, 1], [0, 2]]
INFO:root:episode:870 e_greed:0.19276999999999278 Cost: 32.55670611439842 Reward:0.0 Action:[-1, -1, [4, 5], [4, 3], [1, 0], [4, 4], [1, 1], [0, 2]]
INFO:root:episode:880 e_greed:0.19270999999999272 Cost: 32.55670611439842 Reward:0.0 Action:[-1, -1, [4, 5], [4, 3], [1, 0], [4, 4], [1, 1], [0, 2]]
INFO:root:episode:890 e_greed:0.19264999999999266 Cost: 32.55670611439842 Reward:0.0 Action:[-1, -1, [4, 5], [4, 3], [1, 0], [4, 4], [1, 1], [0, 2]]
INFO:root:episode:900 e_greed:0.1925899999999926 Cost: 32.55670611439842 Reward:0.0 Action:[-1, -1, [4, 5], [4, 3], [4, 4], [1, 0], [1, 1], [0, 2]]
INFO:root:episode:910 e_greed:0.19252999999999254 Cost: 32.55670611439842 Reward:0.0 Action:[-1, -1, [4, 5], [4, 3], [4, 4], [1, 0], [1, 1], [0, 2]]
INFO:root:episode:920 e_greed:0.19246999999999248 Cost: 32.55670611439842 Reward:0.0 Action:[-1, -1, [4, 5], [4, 3], [4, 4], [1, 0], [1, 1], [0, 2]]
INFO:root:episode:930 e_greed:0.19240999999999242 Cost: 32.55670611439842 Reward:0.0 Action:[-1, -1, [4, 5], [4, 3], [4, 4], [1, 0], [1, 1], [0, 2]]
INFO:root:episode:940 e_greed:0.19234999999999236 Cost: 32.55670611439842 Reward:0.0 Action:[-1, -1, [4, 5], [4, 3], [4, 4], [1, 0], [1, 1], [0, 2]]
INFO:root:episode:950 e_greed:0.1922899999999923 Cost: 32.55670611439842 Reward:0.0 Action:[-1, -1, [4, 5], [4, 3], [4, 4], [1, 0], [1, 1], [0, 2]]
INFO:root:episode:960 e_greed:0.19222999999999224 Cost: 32.55670611439842 Reward:0.0 Action:[-1, -1, [4, 5], [4, 3], [4, 4], [1, 1], [1, 0], [0, 2]]
INFO:root:episode:970 e_greed:0.19216999999999218 Cost: 32.55670611439842 Reward:0.0 Action:[-1, -1, [4, 5], [4, 3], [4, 4], [1, 0], [1, 1], [0, 2]]
INFO:root:episode:980 e_greed:0.19210999999999212 Cost: 32.55670611439842 Reward:0.0 Action:[-1, -1, [4, 5], [4, 3], [1, 0], [4, 4], [1, 1], [0, 2]]
INFO:root:episode:990 e_greed:0.19204999999999206 Cost: 32.55670611439842 Reward:0.0 Action:[-1, -1, [4, 5], [4, 3], [1, 0], [4, 4], [1, 1], [0, 2]]
INFO:root:episode:1000 e_greed:0.191989999999992 Cost: 32.55670611439842 Reward:0.0 Action:[-1, -1, [4, 5], [4, 3], [1, 0], [4, 4], [1, 1], [0, 2]]
INFO:root:episode:1010 e_greed:0.19192999999999194 Cost: 32.55670611439842 Reward:0.0 Action:[-1, -1, [4, 5], [4, 3], [1, 0], [4, 4], [1, 1], [0, 2]]
INFO:root:episode:1020 e_greed:0.19186999999999188 Cost: 32.55670611439842 Reward:0.0 Action:[-1, -1, [4, 5], [4, 3], [1, 0], [4, 4], [1, 1], [0, 2]]
INFO:root:episode:1030 e_greed:0.19180999999999182 Cost: 32.55670611439842 Reward:0.0 Action:[-1, -1, [4, 5], [4, 3], [1, 0], [4, 4], [1, 1], [0, 2]]
INFO:root:episode:1040 e_greed:0.19174999999999176 Cost: 32.55670611439842 Reward:0.0 Action:[-1, -1, [4, 5], [4, 3], [1, 1], [1, 0], [4, 4], [0, 2]]
INFO:root:episode:1050 e_greed:0.1916899999999917 Cost: 32.55670611439842 Reward:0.0 Action:[-1, -1, [4, 5], [4, 3], [4, 4], [1, 1], [1, 0], [0, 2]]
INFO:root:episode:1060 e_greed:0.19162999999999164 Cost: 32.55670611439842 Reward:0.0 Action:[-1, -1, [4, 5], [4, 3], [4, 4], [1, 1], [0, 2], [1, 0]]
INFO:root:episode:1070 e_greed:0.19156999999999158 Cost: 32.55670611439842 Reward:0.0 Action:[-1, -1, [4, 5], [4, 3], [4, 4], [1, 1], [1, 0], [0, 2]]
INFO:root:episode:1080 e_greed:0.19150999999999152 Cost: 32.55670611439842 Reward:0.0 Action:[-1, -1, [4, 5], [4, 3], [4, 4], [1, 1], [1, 0], [0, 2]]
INFO:root:episode:1090 e_greed:0.19144999999999146 Cost: 32.55670611439842 Reward:0.0 Action:[-1, -1, [4, 5], [4, 3], [4, 4], [1, 1], [1, 0], [0, 2]]
INFO:root:episode:1100 e_greed:0.1913899999999914 Cost: 32.55670611439842 Reward:0.0 Action:[-1, -1, [4, 5], [4, 3], [4, 4], [1, 1], [1, 0], [0, 2]]
INFO:root:episode:1110 e_greed:0.19132999999999134 Cost: 32.55670611439842 Reward:0.0 Action:[-1, -1, [4, 5], [4, 3], [4, 4], [1, 1], [1, 0], [0, 2]]
INFO:root:episode:1120 e_greed:0.19126999999999128 Cost: 32.55670611439842 Reward:0.0 Action:[-1, -1, [4, 5], [4, 3], [4, 4], [1, 1], [1, 0], [0, 2]]
INFO:root:episode:1130 e_greed:0.19120999999999122 Cost: 32.55670611439842 Reward:0.0 Action:[-1, -1, [4, 5], [4, 3], [4, 4], [1, 1], [1, 0], [0, 2]]
INFO:root:episode:1140 e_greed:0.19114999999999116 Cost: 32.55670611439842 Reward:0.0 Action:[-1, -1, [4, 5], [4, 3], [4, 4], [1, 1], [1, 0], [0, 2]]
INFO:root:episode:1150 e_greed:0.1910899999999911 Cost: 32.55670611439842 Reward:0.0 Action:[-1, -1, [4, 5], [4, 3], [4, 4], [1, 1], [1, 0], [0, 2]]
INFO:root:episode:1160 e_greed:0.19102999999999104 Cost: 32.55670611439842 Reward:0.0 Action:[-1, -1, [4, 5], [4, 3], [4, 4], [1, 1], [0, 2], [1, 0]]
INFO:root:episode:1170 e_greed:0.19096999999999098 Cost: 32.55670611439842 Reward:0.0 Action:[-1, -1, [4, 5], [4, 3], [4, 4], [1, 1], [1, 0], [0, 2]]
INFO:root:episode:1180 e_greed:0.19090999999999092 Cost: 32.55670611439842 Reward:0.0 Action:[-1, -1, [4, 5], [4, 3], [4, 4], [1, 1], [1, 0], [0, 2]]
INFO:root:episode:1190 e_greed:0.19084999999999086 Cost: 32.55670611439842 Reward:0.0 Action:[-1, -1, [4, 5], [4, 3], [4, 4], [1, 1], [1, 0], [0, 2]]
INFO:root:episode:1200 e_greed:0.1907899999999908 Cost: 32.55670611439842 Reward:0.0 Action:[-1, -1, [4, 5], [4, 3], [4, 4], [1, 1], [1, 0], [0, 2]]
INFO:root:episode:1210 e_greed:0.19072999999999074 Cost: 32.55670611439842 Reward:0.0 Action:[-1, -1, [4, 5], [4, 3], [4, 4], [1, 1], [1, 0], [0, 2]]
INFO:root:episode:1220 e_greed:0.19066999999999068 Cost: 32.55670611439842 Reward:0.0 Action:[-1, -1, [4, 5], [4, 3], [4, 4], [1, 1], [1, 0], [0, 2]]
INFO:root:episode:1230 e_greed:0.19060999999999062 Cost: 32.55670611439842 Reward:0.0 Action:[-1, -1, [4, 5], [4, 3], [4, 4], [1, 1], [1, 0], [0, 2]]
INFO:root:episode:1240 e_greed:0.19054999999999056 Cost: 32.55670611439842 Reward:0.0 Action:[-1, -1, [4, 5], [4, 3], [4, 4], [1, 1], [1, 0], [0, 2]]
INFO:root:episode:1250 e_greed:0.1904899999999905 Cost: 32.55670611439842 Reward:0.0 Action:[-1, -1, [4, 5], [4, 3], [4, 4], [1, 1], [1, 0], [0, 2]]
INFO:root:episode:1260 e_greed:0.19042999999999044 Cost: 32.55670611439842 Reward:0.0 Action:[-1, -1, [4, 5], [4, 3], [4, 4], [1, 1], [1, 0], [0, 2]]
INFO:root:episode:1270 e_greed:0.19036999999999038 Cost: 32.55670611439842 Reward:0.0 Action:[-1, -1, [4, 5], [4, 3], [4, 4], [1, 1], [1, 0], [0, 2]]
INFO:root:episode:1280 e_greed:0.19030999999999032 Cost: 32.55670611439842 Reward:0.0 Action:[-1, -1, [4, 5], [4, 3], [4, 4], [1, 1], [1, 0], [0, 2]]
INFO:root:episode:1290 e_greed:0.19024999999999026 Cost: 32.55670611439842 Reward:0.0 Action:[-1, -1, [4, 5], [4, 3], [4, 4], [1, 1], [1, 0], [0, 2]]
INFO:root:episode:1300 e_greed:0.1901899999999902 Cost: 32.55670611439842 Reward:0.0 Action:[-1, -1, [4, 5], [4, 3], [4, 4], [1, 1], [1, 0], [0, 2]]
INFO:root:episode:1310 e_greed:0.19012999999999014 Cost: 32.55670611439842 Reward:0.0 Action:[-1, -1, [4, 5], [4, 3], [4, 4], [1, 1], [1, 0], [0, 2]]
INFO:root:episode:1320 e_greed:0.19006999999999008 Cost: 32.55670611439842 Reward:0.0 Action:[-1, -1, [4, 5], [4, 3], [4, 4], [1, 1], [1, 0], [0, 2]]
INFO:root:episode:1330 e_greed:0.19000999999999002 Cost: 32.55670611439842 Reward:0.0 Action:[-1, -1, [4, 5], [4, 3], [4, 4], [1, 1], [1, 0], [0, 2]]
INFO:root:episode:1340 e_greed:0.18994999999998996 Cost: 32.55670611439842 Reward:0.0 Action:[-1, -1, [4, 5], [4, 3], [4, 4], [1, 1], [1, 0], [0, 2]]
INFO:root:episode:1350 e_greed:0.1898899999999899 Cost: 32.55670611439842 Reward:0.0 Action:[-1, -1, [4, 5], [4, 3], [4, 4], [1, 1], [1, 0], [0, 2]]
