INFO:root:episode:50 e_greed:0.19932799999999934 Cost: 47.357458810543356 Reward:-403.8248362172549 Action:[-1, -1, [2, 6], [2, 5], [3, 2], [4, 7], [3, 1], [2, 4], [1, 3], [1, 0]]
INFO:root:episode:100 e_greed:0.19892799999999894 Cost: 47.825001432563845 Reward:-408.5002624374598 Action:[-1, -1, [3, 6], [1, 7], [2, 2], [4, 1], [0, 5], [4, 4], [2, 3], [0, 0]]
INFO:root:episode:150 e_greed:0.19852799999999854 Cost: 50.45020084894036 Reward:-434.752256601225 Action:[-1, -1, [2, 6], [0, 5], [0, 1], [4, 4], [1, 7], [3, 2], [3, 0], [1, 3]]
INFO:root:episode:200 e_greed:0.19812799999999814 Cost: 7.2455624468737305 Reward:-2.7058725805586636 Action:[-1, -1, [2, 5], [1, 0], [1, 3], [4, 1], [0, 4], [2, 2], [1, 6], [3, 7]]
INFO:root:episode:250 e_greed:0.19772799999999774 Cost: -822.690158822339 Reward:-1000.0 Action:[-1, -1, [1, 0], [3, 7], [0, 4], [4, 3], [4, 2], [2, 5], [1, 6], [4, 1]]
INFO:root:episode:300 e_greed:0.19732799999999734 Cost: 7.653555714984807 Reward:-6.785805261669431 Action:[-1, -1, [1, 0], [3, 7], [1, 3], [0, 4], [4, 2], [1, 6], [4, 1], [0, 5]]
INFO:root:episode:350 e_greed:0.19692799999999694 Cost: -826.1894858748288 Reward:-1000.0 Action:[-1, -1, [1, 0], [1, 3], [3, 7], [4, 2], [1, 6], [0, 4], [0, 5], [0, 1]]
INFO:root:episode:400 e_greed:0.19652799999999654 Cost: 10.948886133419174 Reward:-39.7391094460131 Action:[-1, -1, [1, 0], [3, 7], [3, 3], [1, 6], [0, 4], [4, 2], [0, 5], [4, 1]]
INFO:root:episode:450 e_greed:0.19612799999999614 Cost: 7.653555714984807 Reward:-6.785805261669431 Action:[-1, -1, [1, 0], [4, 2], [3, 7], [1, 3], [4, 1], [1, 6], [0, 5], [0, 4]]
INFO:root:episode:500 e_greed:0.19572799999999574 Cost: 7.653555714984807 Reward:-6.785805261669431 Action:[-1, -1, [1, 0], [4, 2], [0, 4], [1, 3], [3, 7], [4, 1], [0, 5], [1, 6]]
INFO:root:episode:550 e_greed:0.19532799999999534 Cost: 8.333544495169933 Reward:-13.585693063520692 Action:[-1, -1, [1, 0], [1, 3], [0, 4], [4, 2], [4, 7], [0, 5], [4, 1], [1, 6]]
INFO:root:episode:600 e_greed:0.19492799999999494 Cost: 11.220881645493225 Reward:-42.45906456675361 Action:[-1, -1, [1, 0], [0, 4], [3, 3], [4, 2], [4, 1], [0, 5], [1, 6], [0, 7]]
INFO:root:episode:650 e_greed:0.19452799999999454 Cost: 11.220881645493225 Reward:-42.45906456675361 Action:[-1, -1, [1, 0], [3, 3], [0, 4], [0, 7], [4, 1], [4, 2], [1, 6], [0, 5]]
INFO:root:episode:700 e_greed:0.19412799999999414 Cost: 10.948886133419174 Reward:-39.7391094460131 Action:[-1, -1, [1, 0], [3, 3], [0, 4], [4, 1], [3, 7], [1, 6], [4, 2], [0, 5]]
INFO:root:episode:750 e_greed:0.19372799999999374 Cost: 10.948886133419174 Reward:-39.7391094460131 Action:[-1, -1, [1, 0], [3, 3], [0, 4], [3, 7], [4, 1], [1, 6], [4, 2], [0, 5]]
INFO:root:episode:800 e_greed:0.19332799999999334 Cost: 10.81288837738215 Reward:-38.379131885642856 Action:[-1, -1, [1, 0], [3, 3], [0, 4], [0, 7], [4, 1], [2, 2], [0, 5], [1, 6]]
INFO:root:episode:850 e_greed:0.19292799999999294 Cost: 50.788786985014745 Reward:-438.1381179619688 Action:[-1, -1, [2, 0], [3, 3], [3, 7], [0, 4], [0, 2], [0, 5], [4, 1], [1, 6]]
INFO:root:episode:900 e_greed:0.19252799999999254 Cost: 10.540892865308098 Reward:-35.65917676490234 Action:[-1, -1, [1, 0], [3, 3], [2, 7], [0, 2], [4, 4], [4, 1], [1, 6], [0, 5]]
INFO:root:episode:950 e_greed:0.19212799999999214 Cost: 10.540892865308098 Reward:-35.65917676490234 Action:[-1, -1, [1, 0], [3, 3], [4, 2], [0, 4], [2, 7], [4, 1], [1, 6], [0, 5]]
INFO:root:episode:1000 e_greed:0.19172799999999174 Cost: 11.220881645493225 Reward:-42.45906456675361 Action:[-1, -1, [1, 0], [4, 1], [3, 3], [0, 4], [4, 2], [0, 7], [1, 6], [0, 5]]
INFO:root:episode:1050 e_greed:0.19132799999999134 Cost: 11.220881645493225 Reward:-42.45906456675361 Action:[-1, -1, [1, 0], [4, 1], [4, 2], [3, 3], [0, 7], [1, 6], [0, 4], [0, 5]]
INFO:root:episode:1100 e_greed:0.19092799999999094 Cost: 7.653555714984807 Reward:-6.785805261669431 Action:[-1, -1, [1, 0], [2, 2], [4, 1], [1, 3], [4, 4], [0, 7], [1, 6], [0, 5]]
INFO:root:episode:1150 e_greed:0.19052799999999054 Cost: 11.220881645493225 Reward:-42.45906456675361 Action:[-1, -1, [1, 0], [4, 2], [4, 1], [3, 3], [0, 7], [0, 5], [1, 6], [0, 4]]
INFO:root:episode:1200 e_greed:0.19012799999999014 Cost: 11.220881645493225 Reward:-42.45906456675361 Action:[-1, -1, [1, 0], [3, 3], [4, 2], [4, 1], [0, 5], [0, 7], [0, 4], [1, 6]]
INFO:root:episode:1250 e_greed:0.18972799999998974 Cost: 11.220881645493225 Reward:-42.45906456675361 Action:[-1, -1, [1, 0], [3, 3], [4, 2], [0, 4], [4, 1], [1, 6], [0, 5], [4, 7]]
INFO:root:episode:1300 e_greed:0.18932799999998934 Cost: 11.220881645493225 Reward:-42.45906456675361 Action:[-1, -1, [1, 0], [3, 3], [4, 2], [0, 4], [4, 1], [1, 6], [0, 5], [0, 7]]
INFO:root:episode:1350 e_greed:0.18892799999998894 Cost: 11.220881645493225 Reward:-42.45906456675361 Action:[-1, -1, [1, 0], [4, 2], [0, 4], [3, 3], [4, 1], [1, 6], [0, 7], [0, 5]]
INFO:root:episode:1400 e_greed:0.18852799999998854 Cost: 8.333544495169933 Reward:-13.585693063520692 Action:[-1, -1, [1, 0], [4, 2], [4, 1], [4, 4], [1, 6], [0, 5], [1, 3], [0, 7]]
INFO:root:episode:1450 e_greed:0.18812799999998814 Cost: 11.220881645493225 Reward:-42.45906456675361 Action:[-1, -1, [1, 0], [3, 3], [4, 2], [4, 4], [4, 1], [1, 6], [0, 5], [0, 7]]
INFO:root:episode:1500 e_greed:0.18772799999998774 Cost: 10.81288837738215 Reward:-38.379131885642856 Action:[-1, -1, [1, 0], [4, 2], [4, 4], [3, 3], [1, 6], [2, 7], [0, 5], [4, 1]]
INFO:root:episode:1550 e_greed:0.18732799999998734 Cost: 11.220881645493225 Reward:-42.45906456675361 Action:[-1, -1, [1, 0], [4, 2], [4, 4], [3, 3], [0, 7], [4, 1], [1, 6], [0, 5]]
INFO:root:episode:1600 e_greed:0.18692799999998694 Cost: -826.3913701278572 Reward:-1000.0 Action:[-1, -1, [1, 0], [4, 4], [2, 2], [1, 3], [4, 1], [1, 7], [1, 6], [0, 5]]
INFO:root:episode:1650 e_greed:0.18652799999998654 Cost: 11.220881645493225 Reward:-42.45906456675361 Action:[-1, -1, [1, 0], [4, 2], [3, 3], [0, 4], [0, 7], [4, 1], [1, 6], [0, 5]]
INFO:root:episode:1700 e_greed:0.18612799999998614 Cost: 10.81288837738215 Reward:-38.379131885642856 Action:[-1, -1, [1, 0], [4, 2], [3, 3], [4, 4], [2, 7], [1, 6], [0, 5], [4, 1]]
INFO:root:episode:1750 e_greed:0.18572799999998574 Cost: 10.81288837738215 Reward:-38.379131885642856 Action:[-1, -1, [1, 0], [4, 2], [3, 3], [4, 4], [2, 7], [1, 6], [0, 5], [4, 1]]
INFO:root:episode:1800 e_greed:0.18532799999998534 Cost: 10.540892865308098 Reward:-35.65917676490234 Action:[-1, -1, [1, 0], [3, 3], [4, 4], [2, 2], [0, 7], [4, 1], [0, 5], [1, 6]]
INFO:root:episode:1850 e_greed:0.18492799999998494 Cost: 10.608891743326613 Reward:-36.33916554508748 Action:[-1, -1, [1, 0], [4, 2], [3, 3], [4, 4], [2, 7], [1, 6], [0, 5], [0, 1]]
INFO:root:episode:1900 e_greed:0.18452799999998454 Cost: 10.608891743326613 Reward:-36.33916554508748 Action:[-1, -1, [1, 0], [4, 2], [4, 4], [2, 7], [3, 3], [1, 6], [0, 5], [0, 1]]
INFO:root:episode:1950 e_greed:0.18412799999998414 Cost: 10.608891743326613 Reward:-36.33916554508748 Action:[-1, -1, [1, 0], [4, 2], [3, 3], [4, 4], [2, 7], [1, 6], [0, 5], [0, 1]]
INFO:root:episode:2000 e_greed:0.18372799999998374 Cost: 10.608891743326613 Reward:-36.33916554508748 Action:[-1, -1, [1, 0], [4, 2], [3, 3], [4, 4], [2, 7], [1, 6], [0, 5], [0, 1]]
INFO:root:episode:2050 e_greed:0.18332799999998334 Cost: 10.608891743326613 Reward:-36.33916554508748 Action:[-1, -1, [1, 0], [4, 2], [3, 3], [4, 4], [2, 7], [1, 6], [0, 5], [0, 1]]
INFO:root:episode:2100 e_greed:0.18292799999998294 Cost: 7.72155459300332 Reward:-7.465794041854554 Action:[-1, -1, [1, 0], [4, 2], [4, 4], [2, 7], [1, 3], [0, 1], [1, 6], [0, 5]]
INFO:root:episode:2150 e_greed:0.18252799999998254 Cost: 10.608891743326613 Reward:-36.33916554508748 Action:[-1, -1, [1, 0], [4, 2], [3, 3], [4, 4], [2, 7], [1, 6], [0, 5], [0, 1]]
INFO:root:episode:2200 e_greed:0.18212799999998214 Cost: -822.690158822339 Reward:-1000.0 Action:[-1, -1, [1, 0], [4, 2], [3, 3], [0, 4], [2, 7], [1, 6], [0, 5], [0, 1]]
INFO:root:episode:2250 e_greed:0.18172799999998174 Cost: 10.608891743326613 Reward:-36.33916554508748 Action:[-1, -1, [1, 0], [4, 4], [4, 2], [3, 3], [2, 7], [1, 6], [0, 5], [0, 1]]
INFO:root:episode:2300 e_greed:0.18132799999998134 Cost: 10.608891743326613 Reward:-36.33916554508748 Action:[-1, -1, [1, 0], [4, 4], [4, 2], [3, 3], [2, 7], [1, 6], [0, 5], [0, 1]]
INFO:root:episode:2350 e_greed:0.18092799999998094 Cost: 10.608891743326613 Reward:-36.33916554508748 Action:[-1, -1, [1, 0], [4, 4], [2, 2], [3, 3], [2, 7], [1, 6], [0, 5], [0, 1]]
INFO:root:episode:2400 e_greed:0.18052799999998054 Cost: 10.608891743326613 Reward:-36.33916554508748 Action:[-1, -1, [1, 0], [4, 4], [2, 2], [3, 3], [2, 7], [1, 6], [0, 1], [0, 5]]
INFO:root:episode:2450 e_greed:0.18012799999998014 Cost: 10.608891743326613 Reward:-36.33916554508748 Action:[-1, -1, [1, 0], [4, 4], [2, 2], [2, 7], [3, 3], [1, 6], [0, 5], [0, 1]]
INFO:root:episode:2500 e_greed:0.17972799999997974 Cost: 10.608891743326613 Reward:-36.33916554508748 Action:[-1, -1, [1, 0], [4, 4], [2, 7], [2, 2], [3, 3], [1, 6], [0, 5], [0, 1]]
INFO:root:episode:2550 e_greed:0.17932799999997934 Cost: 10.608891743326613 Reward:-36.33916554508748 Action:[-1, -1, [1, 0], [4, 4], [2, 7], [3, 3], [2, 2], [1, 6], [0, 5], [0, 1]]
INFO:root:episode:2600 e_greed:0.17892799999997894 Cost: 10.608891743326613 Reward:-36.33916554508748 Action:[-1, -1, [1, 0], [4, 4], [4, 2], [3, 3], [2, 7], [1, 6], [0, 5], [0, 1]]
INFO:root:episode:2650 e_greed:0.17852799999997854 Cost: 10.608891743326613 Reward:-36.33916554508748 Action:[-1, -1, [1, 0], [4, 4], [4, 2], [2, 7], [1, 6], [3, 3], [0, 5], [0, 1]]
INFO:root:episode:2700 e_greed:0.17812799999997814 Cost: 10.608891743326613 Reward:-36.33916554508748 Action:[-1, -1, [1, 0], [4, 4], [2, 7], [2, 2], [3, 3], [1, 6], [0, 5], [0, 1]]
INFO:root:episode:2750 e_greed:0.17772799999997774 Cost: 10.608891743326613 Reward:-36.33916554508748 Action:[-1, -1, [1, 0], [4, 4], [2, 2], [2, 7], [3, 3], [1, 6], [0, 5], [0, 1]]
INFO:root:episode:2800 e_greed:0.17732799999997734 Cost: 10.608891743326613 Reward:-36.33916554508748 Action:[-1, -1, [1, 0], [4, 4], [4, 7], [2, 2], [0, 5], [1, 6], [3, 3], [0, 1]]
INFO:root:episode:2850 e_greed:0.17692799999997694 Cost: 10.608891743326613 Reward:-36.33916554508748 Action:[-1, -1, [1, 0], [4, 4], [2, 7], [3, 3], [2, 2], [1, 6], [0, 5], [0, 1]]
INFO:root:episode:2900 e_greed:0.17652799999997654 Cost: 10.608891743326613 Reward:-36.33916554508748 Action:[-1, -1, [1, 0], [4, 4], [2, 7], [4, 2], [0, 5], [1, 6], [3, 3], [0, 1]]
INFO:root:episode:2950 e_greed:0.17612799999997614 Cost: 10.608891743326613 Reward:-36.33916554508748 Action:[-1, -1, [1, 0], [4, 4], [3, 3], [2, 7], [2, 2], [1, 6], [0, 5], [0, 1]]
INFO:root:episode:3000 e_greed:0.17572799999997574 Cost: 10.608891743326613 Reward:-36.33916554508748 Action:[-1, -1, [1, 0], [4, 4], [3, 3], [2, 7], [2, 2], [1, 6], [0, 5], [0, 1]]
INFO:root:episode:3050 e_greed:0.17532799999997534 Cost: 10.608891743326613 Reward:-36.33916554508748 Action:[-1, -1, [1, 0], [4, 4], [2, 7], [3, 3], [2, 2], [1, 6], [0, 5], [0, 1]]
INFO:root:episode:3100 e_greed:0.17492799999997494 Cost: 10.608891743326613 Reward:-36.33916554508748 Action:[-1, -1, [1, 0], [4, 4], [2, 7], [2, 2], [3, 3], [1, 6], [0, 5], [0, 1]]
INFO:root:episode:3150 e_greed:0.17452799999997454 Cost: 10.608891743326613 Reward:-36.33916554508748 Action:[-1, -1, [1, 0], [4, 4], [2, 7], [2, 2], [1, 6], [3, 3], [0, 5], [0, 1]]
INFO:root:episode:3200 e_greed:0.17412799999997414 Cost: 10.608891743326613 Reward:-36.33916554508748 Action:[-1, -1, [1, 0], [4, 4], [2, 2], [2, 7], [1, 6], [3, 3], [0, 5], [0, 1]]
INFO:root:episode:3250 e_greed:0.17372799999997374 Cost: 10.608891743326613 Reward:-36.33916554508748 Action:[-1, -1, [1, 0], [4, 4], [2, 7], [2, 2], [1, 6], [3, 3], [0, 5], [0, 1]]
INFO:root:episode:3300 e_greed:0.17332799999997334 Cost: 10.608891743326613 Reward:-36.33916554508748 Action:[-1, -1, [1, 0], [4, 4], [2, 7], [3, 3], [2, 2], [1, 6], [0, 5], [0, 1]]
INFO:root:episode:3350 e_greed:0.17292799999997294 Cost: 10.608891743326613 Reward:-36.33916554508748 Action:[-1, -1, [1, 0], [4, 4], [2, 7], [3, 3], [2, 2], [1, 6], [0, 5], [0, 1]]
INFO:root:episode:3400 e_greed:0.17252799999997254 Cost: 10.608891743326613 Reward:-36.33916554508748 Action:[-1, -1, [1, 0], [4, 4], [2, 7], [3, 3], [2, 2], [1, 6], [0, 5], [0, 1]]
INFO:root:episode:3450 e_greed:0.17212799999997214 Cost: 10.608891743326613 Reward:-36.33916554508748 Action:[-1, -1, [1, 0], [4, 4], [2, 7], [3, 3], [2, 2], [1, 6], [0, 5], [0, 1]]
INFO:root:episode:3500 e_greed:0.17172799999997174 Cost: 10.608891743326613 Reward:-36.33916554508748 Action:[-1, -1, [1, 0], [4, 4], [2, 7], [3, 3], [1, 6], [2, 2], [0, 5], [0, 1]]
INFO:root:episode:3550 e_greed:0.17132799999997134 Cost: 10.608891743326613 Reward:-36.33916554508748 Action:[-1, -1, [1, 0], [4, 4], [2, 7], [3, 3], [1, 6], [2, 2], [0, 5], [0, 1]]
INFO:root:episode:3600 e_greed:0.17092799999997094 Cost: 10.608891743326613 Reward:-36.33916554508748 Action:[-1, -1, [1, 0], [4, 4], [2, 7], [3, 3], [1, 6], [0, 5], [2, 2], [0, 1]]
INFO:root:episode:3650 e_greed:0.17052799999997054 Cost: 10.608891743326613 Reward:-36.33916554508748 Action:[-1, -1, [1, 0], [4, 4], [2, 7], [3, 3], [1, 6], [0, 5], [2, 2], [0, 1]]
INFO:root:episode:3700 e_greed:0.17012799999997014 Cost: 10.608891743326613 Reward:-36.33916554508748 Action:[-1, -1, [1, 0], [4, 4], [3, 3], [2, 7], [1, 6], [0, 5], [2, 2], [0, 1]]
INFO:root:episode:3750 e_greed:0.16972799999996974 Cost: 10.608891743326613 Reward:-36.33916554508748 Action:[-1, -1, [1, 0], [4, 4], [2, 7], [3, 3], [1, 6], [0, 5], [2, 2], [0, 1]]
INFO:root:episode:3800 e_greed:0.16932799999996934 Cost: 6.974975188817864 Reward:0.0 Action:[-1, -1, [1, 0], [4, 4], [3, 3], [2, 7], [1, 6], [0, 5], [2, 2], [1, 1]]
INFO:root:episode:3850 e_greed:0.16892799999996894 Cost: 6.974975188817864 Reward:0.0 Action:[-1, -1, [1, 0], [4, 4], [3, 3], [2, 7], [1, 6], [0, 5], [2, 2], [1, 1]]
INFO:root:episode:3900 e_greed:0.16852799999996854 Cost: 6.974975188817864 Reward:0.0 Action:[-1, -1, [1, 0], [4, 4], [3, 3], [2, 7], [1, 6], [0, 5], [2, 2], [1, 1]]
INFO:root:episode:3950 e_greed:0.16812799999996814 Cost: 6.974975188817864 Reward:0.0 Action:[-1, -1, [1, 0], [4, 4], [2, 7], [3, 3], [1, 6], [0, 5], [2, 2], [1, 1]]
INFO:root:episode:4000 e_greed:0.16772799999996774 Cost: 6.974975188817864 Reward:0.0 Action:[-1, -1, [1, 0], [4, 4], [2, 7], [3, 3], [1, 6], [0, 5], [2, 2], [1, 1]]
INFO:root:episode:4050 e_greed:0.16732799999996734 Cost: 6.974975188817864 Reward:0.0 Action:[-1, -1, [1, 0], [4, 4], [3, 3], [2, 7], [1, 6], [0, 5], [2, 2], [1, 1]]
INFO:root:episode:4100 e_greed:0.16692799999996694 Cost: 6.974975188817864 Reward:0.0 Action:[-1, -1, [1, 0], [4, 4], [3, 3], [2, 7], [1, 6], [0, 5], [2, 2], [1, 1]]
INFO:root:episode:4150 e_greed:0.16652799999996654 Cost: 6.974975188817864 Reward:0.0 Action:[-1, -1, [1, 0], [4, 4], [2, 7], [3, 3], [1, 6], [0, 5], [2, 2], [1, 1]]
INFO:root:episode:4200 e_greed:0.16612799999996614 Cost: 6.974975188817864 Reward:0.0 Action:[-1, -1, [1, 0], [4, 4], [3, 3], [2, 7], [1, 6], [0, 5], [2, 2], [1, 1]]
INFO:root:episode:4250 e_greed:0.16572799999996574 Cost: 6.974975188817864 Reward:0.0 Action:[-1, -1, [1, 0], [4, 4], [3, 3], [2, 7], [1, 6], [0, 5], [2, 2], [1, 1]]
INFO:root:episode:4300 e_greed:0.16532799999996534 Cost: 6.974975188817864 Reward:0.0 Action:[-1, -1, [1, 0], [4, 4], [3, 3], [1, 6], [2, 7], [0, 5], [1, 1], [2, 2]]
INFO:root:episode:4350 e_greed:0.16492799999996494 Cost: 6.974975188817864 Reward:0.0 Action:[-1, -1, [1, 0], [4, 4], [3, 3], [2, 7], [1, 6], [0, 5], [1, 1], [2, 2]]
INFO:root:episode:4400 e_greed:0.16452799999996454 Cost: 6.974975188817864 Reward:0.0 Action:[-1, -1, [1, 0], [4, 4], [3, 3], [2, 7], [1, 6], [0, 5], [2, 2], [1, 1]]
INFO:root:episode:4450 e_greed:0.16412799999996414 Cost: 6.974975188817864 Reward:0.0 Action:[-1, -1, [1, 0], [4, 4], [3, 3], [2, 7], [1, 6], [0, 5], [2, 2], [1, 1]]
INFO:root:episode:4500 e_greed:0.16372799999996374 Cost: 6.974975188817864 Reward:0.0 Action:[-1, -1, [1, 0], [4, 4], [3, 3], [1, 6], [2, 7], [0, 5], [1, 1], [2, 2]]
INFO:root:episode:4550 e_greed:0.16332799999996334 Cost: 6.974975188817864 Reward:0.0 Action:[-1, -1, [1, 0], [4, 4], [3, 3], [2, 7], [1, 6], [1, 1], [0, 5], [2, 2]]
INFO:root:episode:4600 e_greed:0.16292799999996294 Cost: 6.974975188817864 Reward:0.0 Action:[-1, -1, [1, 0], [4, 4], [3, 3], [2, 7], [1, 6], [1, 1], [0, 5], [2, 2]]
INFO:root:episode:4650 e_greed:0.16252799999996254 Cost: 6.974975188817864 Reward:0.0 Action:[-1, -1, [1, 0], [4, 4], [3, 3], [2, 7], [1, 6], [0, 5], [1, 1], [2, 2]]
INFO:root:episode:4700 e_greed:0.16212799999996214 Cost: 6.974975188817864 Reward:0.0 Action:[-1, -1, [1, 0], [4, 4], [3, 3], [1, 6], [2, 7], [0, 5], [1, 1], [2, 2]]
INFO:root:episode:4750 e_greed:0.16172799999996174 Cost: 6.974975188817864 Reward:0.0 Action:[-1, -1, [1, 0], [4, 4], [3, 3], [2, 7], [1, 6], [2, 2], [0, 5], [1, 1]]
INFO:root:episode:4800 e_greed:0.16132799999996134 Cost: 6.974975188817864 Reward:0.0 Action:[-1, -1, [1, 0], [4, 4], [3, 3], [1, 6], [2, 7], [1, 1], [0, 5], [2, 2]]
INFO:root:episode:4850 e_greed:0.16092799999996094 Cost: 6.974975188817864 Reward:0.0 Action:[-1, -1, [1, 0], [4, 4], [3, 3], [1, 6], [2, 7], [1, 1], [0, 5], [2, 2]]
INFO:root:episode:4900 e_greed:0.16052799999996054 Cost: 6.974975188817864 Reward:0.0 Action:[-1, -1, [4, 4], [3, 3], [1, 6], [2, 7], [0, 5], [1, 1], [2, 2], [1, 0]]
INFO:root:episode:4950 e_greed:0.16012799999996014 Cost: 6.974975188817864 Reward:0.0 Action:[-1, -1, [1, 0], [4, 4], [3, 3], [1, 6], [2, 7], [0, 5], [1, 1], [2, 2]]
INFO:root:episode:5000 e_greed:0.15972799999995974 Cost: 6.974975188817864 Reward:0.0 Action:[-1, -1, [1, 0], [4, 4], [3, 3], [1, 6], [2, 7], [0, 5], [1, 1], [2, 2]]
INFO:root:episode:5050 e_greed:0.15932799999995934 Cost: 6.974975188817864 Reward:0.0 Action:[-1, -1, [4, 4], [3, 3], [2, 7], [1, 6], [0, 5], [2, 2], [1, 1], [1, 0]]
INFO:root:episode:5100 e_greed:0.15892799999995894 Cost: 6.974975188817864 Reward:0.0 Action:[-1, -1, [4, 4], [3, 3], [2, 7], [1, 6], [0, 5], [1, 1], [2, 2], [1, 0]]
INFO:root:episode:5150 e_greed:0.15852799999995854 Cost: 6.974975188817864 Reward:0.0 Action:[-1, -1, [4, 4], [3, 3], [1, 6], [2, 7], [0, 5], [1, 1], [2, 2], [1, 0]]
INFO:root:episode:5200 e_greed:0.15812799999995814 Cost: 6.974975188817864 Reward:0.0 Action:[-1, -1, [4, 4], [3, 3], [2, 7], [1, 6], [0, 5], [2, 2], [1, 1], [1, 0]]
INFO:root:episode:5250 e_greed:0.15772799999995774 Cost: 6.974975188817864 Reward:0.0 Action:[-1, -1, [4, 4], [3, 3], [1, 6], [2, 7], [0, 5], [1, 1], [1, 0], [2, 2]]
INFO:root:episode:5300 e_greed:0.15732799999995734 Cost: 6.974975188817864 Reward:0.0 Action:[-1, -1, [4, 4], [3, 3], [1, 6], [2, 7], [0, 5], [1, 1], [1, 0], [2, 2]]
INFO:root:episode:5350 e_greed:0.15692799999995694 Cost: 6.974975188817864 Reward:0.0 Action:[-1, -1, [4, 4], [3, 3], [1, 6], [2, 7], [0, 5], [1, 1], [1, 0], [2, 2]]
INFO:root:episode:5400 e_greed:0.15652799999995654 Cost: 6.974975188817864 Reward:0.0 Action:[-1, -1, [4, 4], [3, 3], [1, 6], [2, 7], [0, 5], [1, 1], [1, 0], [2, 2]]
INFO:root:episode:5450 e_greed:0.15612799999995614 Cost: 6.974975188817864 Reward:0.0 Action:[-1, -1, [4, 4], [3, 3], [1, 6], [2, 7], [0, 5], [1, 0], [1, 1], [2, 2]]
INFO:root:episode:5500 e_greed:0.15572799999995574 Cost: 6.974975188817864 Reward:0.0 Action:[-1, -1, [4, 4], [3, 3], [1, 6], [2, 7], [0, 5], [1, 0], [1, 1], [2, 2]]
INFO:root:episode:5550 e_greed:0.15532799999995534 Cost: 6.974975188817864 Reward:0.0 Action:[-1, -1, [4, 4], [3, 3], [1, 6], [2, 7], [0, 5], [1, 0], [1, 1], [2, 2]]
INFO:root:episode:5600 e_greed:0.15492799999995494 Cost: 6.974975188817864 Reward:0.0 Action:[-1, -1, [4, 4], [3, 3], [1, 6], [2, 7], [0, 5], [1, 0], [1, 1], [2, 2]]
INFO:root:episode:5650 e_greed:0.15452799999995454 Cost: 6.974975188817864 Reward:0.0 Action:[-1, -1, [4, 4], [3, 3], [1, 6], [2, 7], [0, 5], [1, 0], [1, 1], [2, 2]]
INFO:root:episode:5700 e_greed:0.15412799999995414 Cost: 6.974975188817864 Reward:0.0 Action:[-1, -1, [4, 4], [3, 3], [1, 6], [1, 0], [2, 7], [0, 5], [1, 1], [2, 2]]
INFO:root:episode:5750 e_greed:0.15372799999995373 Cost: 6.974975188817864 Reward:0.0 Action:[-1, -1, [4, 4], [3, 3], [1, 6], [1, 0], [0, 5], [2, 7], [1, 1], [4, 2]]
INFO:root:episode:5800 e_greed:0.15332799999995333 Cost: 6.974975188817864 Reward:0.0 Action:[-1, -1, [4, 4], [3, 3], [1, 6], [1, 0], [0, 5], [2, 7], [1, 1], [2, 2]]
INFO:root:episode:5850 e_greed:0.15292799999995293 Cost: 6.974975188817864 Reward:0.0 Action:[-1, -1, [4, 4], [3, 3], [1, 6], [1, 0], [2, 7], [0, 5], [1, 1], [2, 2]]
INFO:root:episode:5900 e_greed:0.15252799999995253 Cost: 6.974975188817864 Reward:0.0 Action:[-1, -1, [4, 4], [3, 3], [1, 6], [1, 0], [0, 5], [2, 7], [1, 1], [2, 2]]
INFO:root:episode:5950 e_greed:0.15212799999995213 Cost: 6.974975188817864 Reward:0.0 Action:[-1, -1, [4, 4], [3, 3], [1, 6], [1, 0], [0, 5], [2, 7], [1, 1], [2, 2]]
INFO:root:episode:6000 e_greed:0.15172799999995173 Cost: 6.974975188817864 Reward:0.0 Action:[-1, -1, [4, 4], [3, 3], [1, 6], [1, 0], [0, 5], [2, 7], [1, 1], [4, 2]]
INFO:root:episode:6050 e_greed:0.15132799999995133 Cost: 6.974975188817864 Reward:0.0 Action:[-1, -1, [4, 4], [3, 3], [1, 0], [1, 6], [2, 7], [0, 5], [1, 1], [4, 2]]
INFO:root:episode:6100 e_greed:0.15092799999995093 Cost: 6.974975188817864 Reward:0.0 Action:[-1, -1, [4, 4], [3, 3], [1, 0], [1, 6], [2, 7], [0, 5], [1, 1], [2, 2]]
INFO:root:episode:6150 e_greed:0.15052799999995053 Cost: 6.974975188817864 Reward:0.0 Action:[-1, -1, [4, 4], [3, 3], [1, 6], [1, 0], [0, 5], [2, 7], [1, 1], [2, 2]]
INFO:root:episode:6200 e_greed:0.15012799999995013 Cost: 6.974975188817864 Reward:0.0 Action:[-1, -1, [4, 4], [3, 3], [1, 0], [1, 6], [0, 5], [2, 7], [1, 1], [2, 2]]
INFO:root:episode:6250 e_greed:0.14972799999994973 Cost: 6.974975188817864 Reward:0.0 Action:[-1, -1, [4, 4], [3, 3], [1, 0], [1, 6], [0, 5], [2, 7], [1, 1], [2, 2]]
INFO:root:episode:6300 e_greed:0.14932799999994933 Cost: 6.974975188817864 Reward:0.0 Action:[-1, -1, [4, 4], [3, 3], [1, 6], [1, 0], [0, 5], [2, 7], [1, 1], [2, 2]]
INFO:root:episode:6350 e_greed:0.14892799999994893 Cost: 6.974975188817864 Reward:0.0 Action:[-1, -1, [4, 4], [3, 3], [1, 6], [1, 0], [0, 5], [2, 7], [1, 1], [2, 2]]
INFO:root:episode:6400 e_greed:0.14852799999994853 Cost: 6.974975188817864 Reward:0.0 Action:[-1, -1, [4, 4], [3, 3], [1, 6], [1, 0], [0, 5], [2, 7], [1, 1], [2, 2]]
INFO:root:episode:6450 e_greed:0.14812799999994813 Cost: 6.974975188817864 Reward:0.0 Action:[-1, -1, [4, 4], [3, 3], [1, 0], [1, 6], [0, 5], [2, 7], [1, 1], [4, 2]]
INFO:root:episode:6500 e_greed:0.14772799999994773 Cost: 6.974975188817864 Reward:0.0 Action:[-1, -1, [4, 4], [3, 3], [1, 6], [1, 0], [0, 5], [2, 7], [1, 1], [2, 2]]
INFO:root:episode:6550 e_greed:0.14732799999994733 Cost: 6.974975188817864 Reward:0.0 Action:[-1, -1, [4, 4], [3, 3], [1, 6], [1, 0], [0, 5], [2, 7], [1, 1], [2, 2]]
INFO:root:episode:6600 e_greed:0.14692799999994693 Cost: 6.974975188817864 Reward:0.0 Action:[-1, -1, [4, 4], [3, 3], [1, 6], [1, 0], [0, 5], [2, 7], [1, 1], [2, 2]]
INFO:root:episode:6650 e_greed:0.14652799999994653 Cost: 6.974975188817864 Reward:0.0 Action:[-1, -1, [4, 4], [1, 0], [3, 3], [1, 6], [0, 5], [2, 7], [1, 1], [2, 2]]
INFO:root:episode:6700 e_greed:0.14612799999994613 Cost: 6.974975188817864 Reward:0.0 Action:[-1, -1, [4, 4], [1, 0], [3, 3], [1, 6], [0, 5], [2, 7], [1, 1], [2, 2]]
INFO:root:episode:6750 e_greed:0.14572799999994573 Cost: 6.974975188817864 Reward:0.0 Action:[-1, -1, [4, 4], [1, 0], [3, 3], [1, 6], [0, 5], [2, 7], [1, 1], [2, 2]]
INFO:root:episode:6800 e_greed:0.14532799999994533 Cost: 6.974975188817864 Reward:0.0 Action:[-1, -1, [4, 4], [1, 0], [3, 3], [1, 6], [0, 5], [2, 7], [1, 1], [2, 2]]
INFO:root:episode:6850 e_greed:0.14492799999994493 Cost: 6.974975188817864 Reward:0.0 Action:[-1, -1, [4, 4], [1, 0], [3, 3], [1, 6], [0, 5], [2, 7], [1, 1], [2, 2]]
INFO:root:episode:6900 e_greed:0.14452799999994453 Cost: 6.974975188817864 Reward:0.0 Action:[-1, -1, [4, 4], [1, 0], [3, 3], [1, 6], [0, 5], [2, 7], [1, 1], [2, 2]]
INFO:root:episode:6950 e_greed:0.14412799999994413 Cost: 6.974975188817864 Reward:0.0 Action:[-1, -1, [4, 4], [1, 0], [3, 3], [1, 6], [0, 5], [2, 7], [1, 1], [2, 2]]
INFO:root:episode:7000 e_greed:0.14372799999994373 Cost: 6.974975188817864 Reward:0.0 Action:[-1, -1, [4, 4], [1, 0], [3, 3], [1, 6], [0, 5], [2, 7], [1, 1], [2, 2]]
INFO:root:episode:7050 e_greed:0.14332799999994333 Cost: 6.974975188817864 Reward:0.0 Action:[-1, -1, [4, 4], [1, 0], [1, 6], [3, 3], [0, 5], [2, 7], [1, 1], [4, 2]]
INFO:root:episode:7100 e_greed:0.14292799999994293 Cost: 6.974975188817864 Reward:0.0 Action:[-1, -1, [4, 4], [1, 0], [1, 6], [3, 3], [0, 5], [2, 7], [1, 1], [4, 2]]
INFO:root:episode:7150 e_greed:0.14252799999994253 Cost: 6.974975188817864 Reward:0.0 Action:[-1, -1, [4, 4], [1, 0], [3, 3], [1, 6], [0, 5], [2, 7], [1, 1], [4, 2]]
INFO:root:episode:7200 e_greed:0.14212799999994213 Cost: 6.974975188817864 Reward:0.0 Action:[-1, -1, [4, 4], [1, 0], [1, 6], [3, 3], [0, 5], [2, 7], [1, 1], [4, 2]]
INFO:root:episode:7250 e_greed:0.14172799999994173 Cost: 6.974975188817864 Reward:0.0 Action:[-1, -1, [4, 4], [1, 0], [1, 6], [3, 3], [0, 5], [2, 7], [1, 1], [4, 2]]
INFO:root:episode:7300 e_greed:0.14132799999994133 Cost: 6.974975188817864 Reward:0.0 Action:[-1, -1, [4, 4], [1, 0], [1, 6], [3, 3], [0, 5], [2, 7], [1, 1], [2, 2]]
INFO:root:episode:7350 e_greed:0.14092799999994093 Cost: 6.974975188817864 Reward:0.0 Action:[-1, -1, [4, 4], [1, 0], [1, 6], [3, 3], [0, 5], [2, 7], [1, 1], [2, 2]]
INFO:root:episode:7400 e_greed:0.14052799999994053 Cost: 6.974975188817864 Reward:0.0 Action:[-1, -1, [4, 4], [1, 0], [1, 6], [3, 3], [0, 5], [2, 7], [1, 1], [2, 2]]
INFO:root:episode:7450 e_greed:0.14012799999994013 Cost: 6.974975188817864 Reward:0.0 Action:[-1, -1, [4, 4], [1, 0], [1, 6], [3, 3], [0, 5], [2, 7], [1, 1], [2, 2]]
INFO:root:episode:7500 e_greed:0.13972799999993973 Cost: 6.974975188817864 Reward:0.0 Action:[-1, -1, [4, 4], [1, 0], [1, 6], [3, 3], [0, 5], [2, 7], [1, 1], [4, 2]]
INFO:root:episode:7550 e_greed:0.13932799999993933 Cost: 6.974975188817864 Reward:0.0 Action:[-1, -1, [1, 0], [4, 4], [1, 6], [3, 3], [0, 5], [2, 7], [1, 1], [4, 2]]
INFO:root:episode:7600 e_greed:0.13892799999993893 Cost: 6.974975188817864 Reward:0.0 Action:[-1, -1, [4, 4], [1, 0], [1, 6], [3, 3], [0, 5], [2, 7], [1, 1], [4, 2]]
INFO:root:episode:7650 e_greed:0.13852799999993853 Cost: 7.110972944854891 Reward:-1.3599775603702646 Action:[-1, -1, [4, 4], [1, 0], [1, 6], [3, 3], [0, 5], [2, 7], [1, 1], [0, 2]]
INFO:root:episode:7700 e_greed:0.13812799999993813 Cost: 7.110972944854891 Reward:-1.3599775603702646 Action:[-1, -1, [4, 4], [1, 0], [1, 6], [3, 3], [0, 5], [2, 7], [1, 1], [0, 2]]
INFO:root:episode:7750 e_greed:0.13772799999993773 Cost: 6.974975188817864 Reward:0.0 Action:[-1, -1, [4, 4], [1, 0], [1, 6], [3, 3], [0, 5], [2, 7], [1, 1], [2, 2]]
INFO:root:episode:7800 e_greed:0.13732799999993733 Cost: 6.974975188817864 Reward:0.0 Action:[-1, -1, [4, 4], [1, 0], [1, 6], [3, 3], [0, 5], [2, 7], [1, 1], [4, 2]]
INFO:root:episode:7850 e_greed:0.13692799999993693 Cost: 6.974975188817864 Reward:0.0 Action:[-1, -1, [4, 4], [1, 0], [1, 6], [3, 3], [0, 5], [2, 7], [1, 1], [4, 2]]
INFO:root:episode:7900 e_greed:0.13652799999993653 Cost: 6.974975188817864 Reward:0.0 Action:[-1, -1, [1, 0], [4, 4], [1, 6], [3, 3], [0, 5], [2, 7], [1, 1], [2, 2]]
INFO:root:episode:7950 e_greed:0.13612799999993613 Cost: 6.974975188817864 Reward:0.0 Action:[-1, -1, [1, 0], [4, 4], [1, 6], [3, 3], [0, 5], [2, 7], [1, 1], [2, 2]]
INFO:root:episode:8000 e_greed:0.13572799999993573 Cost: 6.974975188817864 Reward:0.0 Action:[-1, -1, [1, 0], [4, 4], [1, 6], [3, 3], [0, 5], [2, 7], [1, 1], [4, 2]]
INFO:root:episode:8050 e_greed:0.13532799999993533 Cost: 6.974975188817864 Reward:0.0 Action:[-1, -1, [4, 4], [1, 0], [1, 6], [3, 3], [0, 5], [2, 7], [1, 1], [4, 2]]
INFO:root:episode:8100 e_greed:0.13492799999993493 Cost: 6.974975188817864 Reward:0.0 Action:[-1, -1, [4, 4], [1, 0], [1, 6], [3, 3], [0, 5], [2, 7], [1, 1], [4, 2]]
INFO:root:episode:8150 e_greed:0.13452799999993453 Cost: 6.974975188817864 Reward:0.0 Action:[-1, -1, [1, 0], [4, 4], [1, 6], [3, 3], [0, 5], [2, 7], [1, 1], [4, 2]]
INFO:root:episode:8200 e_greed:0.13412799999993413 Cost: 6.974975188817864 Reward:0.0 Action:[-1, -1, [1, 0], [4, 4], [1, 6], [3, 3], [0, 5], [2, 7], [1, 1], [2, 2]]
INFO:root:episode:8250 e_greed:0.13372799999993373 Cost: 6.974975188817864 Reward:0.0 Action:[-1, -1, [4, 4], [1, 0], [1, 6], [3, 3], [0, 5], [2, 7], [1, 1], [4, 2]]
INFO:root:episode:8300 e_greed:0.13332799999993333 Cost: 6.974975188817864 Reward:0.0 Action:[-1, -1, [4, 4], [1, 0], [1, 6], [3, 3], [0, 5], [2, 7], [1, 1], [4, 2]]
INFO:root:episode:8350 e_greed:0.13292799999993293 Cost: 6.974975188817864 Reward:0.0 Action:[-1, -1, [4, 4], [1, 0], [1, 6], [3, 3], [0, 5], [2, 7], [1, 1], [2, 2]]
INFO:root:episode:8400 e_greed:0.13252799999993253 Cost: 6.974975188817864 Reward:0.0 Action:[-1, -1, [4, 4], [1, 0], [1, 6], [3, 3], [0, 5], [2, 7], [1, 1], [2, 2]]
INFO:root:episode:8450 e_greed:0.13212799999993213 Cost: 6.974975188817864 Reward:0.0 Action:[-1, -1, [4, 4], [1, 0], [1, 6], [3, 3], [0, 5], [2, 7], [1, 1], [4, 2]]
INFO:root:episode:8500 e_greed:0.13172799999993173 Cost: 6.974975188817864 Reward:0.0 Action:[-1, -1, [4, 4], [1, 0], [1, 6], [3, 3], [0, 5], [2, 7], [1, 1], [2, 2]]
INFO:root:episode:8550 e_greed:0.13132799999993133 Cost: 6.974975188817864 Reward:0.0 Action:[-1, -1, [4, 4], [1, 0], [1, 6], [3, 3], [0, 5], [2, 7], [1, 1], [2, 2]]
INFO:root:episode:8600 e_greed:0.13092799999993093 Cost: 6.974975188817864 Reward:0.0 Action:[-1, -1, [4, 4], [1, 0], [1, 6], [3, 3], [0, 5], [2, 7], [1, 1], [2, 2]]
INFO:root:episode:8650 e_greed:0.13052799999993053 Cost: 7.110972944854891 Reward:-1.3599775603702646 Action:[-1, -1, [4, 4], [1, 0], [1, 6], [3, 3], [0, 5], [2, 7], [1, 1], [0, 2]]
INFO:root:episode:8700 e_greed:0.13012799999993013 Cost: 6.974975188817864 Reward:0.0 Action:[-1, -1, [4, 4], [1, 0], [1, 6], [3, 3], [0, 5], [2, 7], [1, 1], [4, 2]]
INFO:root:episode:8750 e_greed:0.12972799999992973 Cost: 6.974975188817864 Reward:0.0 Action:[-1, -1, [4, 4], [1, 0], [1, 6], [3, 3], [0, 5], [2, 7], [1, 1], [2, 2]]
INFO:root:episode:8800 e_greed:0.12932799999992933 Cost: 6.974975188817864 Reward:0.0 Action:[-1, -1, [4, 4], [1, 0], [1, 6], [3, 3], [0, 5], [2, 7], [1, 1], [2, 2]]
INFO:root:episode:8850 e_greed:0.12892799999992893 Cost: 6.974975188817864 Reward:0.0 Action:[-1, -1, [4, 4], [1, 0], [1, 6], [3, 3], [0, 5], [2, 7], [1, 1], [2, 2]]
INFO:root:episode:8900 e_greed:0.12852799999992853 Cost: 6.974975188817864 Reward:0.0 Action:[-1, -1, [4, 4], [1, 0], [1, 6], [3, 3], [0, 5], [2, 7], [1, 1], [4, 2]]
INFO:root:episode:8950 e_greed:0.12812799999992813 Cost: 6.974975188817864 Reward:0.0 Action:[-1, -1, [4, 4], [1, 0], [1, 6], [3, 3], [0, 5], [2, 7], [1, 1], [2, 2]]
INFO:root:episode:9000 e_greed:0.12772799999992773 Cost: 6.974975188817864 Reward:0.0 Action:[-1, -1, [4, 4], [1, 0], [1, 6], [3, 3], [0, 5], [2, 7], [2, 2], [1, 1]]
INFO:root:episode:9050 e_greed:0.12732799999992733 Cost: 6.974975188817864 Reward:0.0 Action:[-1, -1, [4, 4], [1, 0], [1, 6], [3, 3], [0, 5], [2, 7], [1, 1], [2, 2]]
INFO:root:episode:9100 e_greed:0.12692799999992693 Cost: 6.974975188817864 Reward:0.0 Action:[-1, -1, [4, 4], [1, 0], [1, 6], [3, 3], [0, 5], [2, 7], [1, 1], [4, 2]]
INFO:root:episode:9150 e_greed:0.12652799999992653 Cost: 6.974975188817864 Reward:0.0 Action:[-1, -1, [4, 4], [1, 0], [1, 6], [3, 3], [0, 5], [2, 7], [2, 2], [1, 1]]
INFO:root:episode:9200 e_greed:0.12612799999992613 Cost: 6.974975188817864 Reward:0.0 Action:[-1, -1, [4, 4], [1, 0], [1, 6], [3, 3], [0, 5], [2, 7], [2, 2], [1, 1]]
INFO:root:episode:9250 e_greed:0.12572799999992573 Cost: 6.974975188817864 Reward:0.0 Action:[-1, -1, [4, 4], [1, 0], [1, 6], [3, 3], [0, 5], [2, 7], [2, 2], [1, 1]]
INFO:root:episode:9300 e_greed:0.12532799999992533 Cost: 6.974975188817864 Reward:0.0 Action:[-1, -1, [4, 4], [1, 0], [1, 6], [3, 3], [0, 5], [2, 7], [2, 2], [1, 1]]
INFO:root:episode:9350 e_greed:0.12492799999992493 Cost: 6.974975188817864 Reward:0.0 Action:[-1, -1, [4, 4], [1, 0], [1, 6], [3, 3], [0, 5], [2, 7], [2, 2], [1, 1]]
INFO:root:episode:9400 e_greed:0.12452799999992453 Cost: 10.81288837738215 Reward:-38.379131885642856 Action:[-1, -1, [4, 4], [1, 0], [1, 6], [3, 3], [0, 5], [2, 7], [2, 2], [2, 1]]
INFO:root:episode:9450 e_greed:0.12412799999992413 Cost: 10.608891743326613 Reward:-36.33916554508748 Action:[-1, -1, [4, 4], [1, 0], [1, 6], [3, 3], [0, 5], [2, 7], [2, 2], [0, 1]]
INFO:root:episode:9500 e_greed:0.12372799999992373 Cost: 10.608891743326613 Reward:-36.33916554508748 Action:[-1, -1, [4, 4], [1, 0], [1, 6], [3, 3], [0, 5], [2, 7], [2, 2], [0, 1]]
INFO:root:episode:9550 e_greed:0.12332799999992333 Cost: 6.974975188817864 Reward:0.0 Action:[-1, -1, [4, 4], [1, 0], [1, 6], [3, 3], [0, 5], [2, 7], [2, 2], [1, 1]]
INFO:root:episode:9600 e_greed:0.12292799999992293 Cost: 6.974975188817864 Reward:0.0 Action:[-1, -1, [4, 4], [1, 0], [1, 6], [3, 3], [0, 5], [2, 7], [2, 2], [1, 1]]
INFO:root:episode:9650 e_greed:0.12252799999992253 Cost: 6.974975188817864 Reward:0.0 Action:[-1, -1, [4, 4], [1, 0], [1, 6], [3, 3], [0, 5], [2, 7], [2, 2], [1, 1]]
INFO:root:episode:9700 e_greed:0.12212799999992213 Cost: 10.608891743326613 Reward:-36.33916554508748 Action:[-1, -1, [4, 4], [1, 0], [1, 6], [3, 3], [0, 5], [2, 7], [2, 2], [0, 1]]
INFO:root:episode:9750 e_greed:0.12172799999992173 Cost: 6.974975188817864 Reward:0.0 Action:[-1, -1, [4, 4], [1, 0], [1, 6], [3, 3], [0, 5], [2, 7], [2, 2], [1, 1]]
INFO:root:episode:9800 e_greed:0.12132799999992133 Cost: 10.81288837738215 Reward:-38.379131885642856 Action:[-1, -1, [1, 0], [4, 4], [1, 6], [3, 3], [0, 5], [2, 7], [2, 2], [2, 1]]
INFO:root:episode:9850 e_greed:0.12092799999992093 Cost: 6.974975188817864 Reward:0.0 Action:[-1, -1, [4, 4], [1, 0], [1, 6], [3, 3], [0, 5], [2, 7], [2, 2], [1, 1]]
INFO:root:episode:9900 e_greed:0.12052799999992053 Cost: 6.974975188817864 Reward:0.0 Action:[-1, -1, [4, 4], [1, 0], [1, 6], [3, 3], [0, 5], [2, 7], [4, 2], [1, 1]]
INFO:root:episode:9950 e_greed:0.12012799999992013 Cost: 6.974975188817864 Reward:0.0 Action:[-1, -1, [4, 4], [1, 0], [1, 6], [3, 3], [0, 5], [2, 7], [4, 2], [1, 1]]
INFO:root:episode:10000 e_greed:0.11972799999991973 Cost: 6.974975188817864 Reward:0.0 Action:[-1, -1, [4, 4], [1, 0], [1, 6], [3, 3], [0, 5], [2, 7], [4, 2], [1, 1]]
